# JRE version: Java(TM) SE Runtime Environment (21.0.5+9) (build 21.0.5+9-LTS-239)
# Java VM: Java HotSpot(TM) 64-Bit Server VM (21.0.5+9-LTS-239, mixed mode, sharing, tiered, compressed oops, compressed class ptrs, g1 gc, windows-amd64)
GC Precious Log:
 CardTable entry size: 512
 Card Set container configuration: InlinePtr #cards 5 size 8 Array Of Cards #cards 12 size 40 Howl #buckets 4 coarsen threshold 1843 Howl Bitmap #cards 512 size 80 coarsen threshold 460 Card regions per heap region 1 cards per card region 2048
 CPUs: 12 total, 12 available
 Memory: 5996M
 Large Page Support: Disabled
 NUMA Support: Disabled
 Compressed Oops: Enabled (32-bit)
 Heap Region Size: 1M
 Heap Min Capacity: 8M
 Heap Initial Capacity: 94M
 Heap Max Capacity: 1500M
 Pre-touch: Disabled
 Parallel Workers: 10
 Concurrent Workers: 3
 Concurrent Refinement Workers: 10
 Periodic GC: Disabled
Heap:
 garbage-first heap   total 102400K, used 66549K [0x00000000a2400000, 0x0000000100000000)
  region size 1024K, 23 young (23552K), 4 survivors (4096K)
 Metaspace       used 82929K, committed 83968K, reserved 1179648K
  class space    used 10479K, committed 10944K, reserved 1048576K
GC Heap History (20 events):
Event: 586.178 GC heap before
{Heap before GC invocations=36 (full 5):
 garbage-first heap   total 102400K, used 87853K [0x00000000a2400000, 0x0000000100000000)
  region size 1024K, 44 young (45056K), 0 survivors (0K)
 Metaspace       used 80449K, committed 81408K, reserved 1179648K
  class space    used 10379K, committed 10816K, reserved 1048576K
}
Event: 586.182 GC heap after
{Heap after GC invocations=37 (full 5):
 garbage-first heap   total 102400K, used 47647K [0x00000000a2400000, 0x0000000100000000)
  region size 1024K, 4 young (4096K), 4 survivors (4096K)
 Metaspace       used 80449K, committed 81408K, reserved 1179648K
  class space    used 10379K, committed 10816K, reserved 1048576K
}
Event: 589.202 GC heap before
{Heap before GC invocations=38 (full 5):
 garbage-first heap   total 102400K, used 85535K [0x00000000a2400000, 0x0000000100000000)
  region size 1024K, 41 young (41984K), 4 survivors (4096K)
 Metaspace       used 80917K, committed 81856K, reserved 1179648K
  class space    used 10395K, committed 10816K, reserved 1048576K
}
Event: 589.260 GC heap after
{Heap after GC invocations=39 (full 6):
 garbage-first heap   total 102400K, used 43330K [0x00000000a2400000, 0x0000000100000000)
  region size 1024K, 0 young (0K), 0 survivors (0K)
 Metaspace       used 80915K, committed 81856K, reserved 1179648K
  class space    used 10394K, committed 10816K, reserved 1048576K
}
Event: 589.627 GC heap before
{Heap before GC invocations=39 (full 6):
 garbage-first heap   total 102400K, used 87362K [0x00000000a2400000, 0x0000000100000000)
  region size 1024K, 45 young (46080K), 0 survivors (0K)
 Metaspace       used 80984K, committed 81856K, reserved 1179648K
  class space    used 10398K, committed 10816K, reserved 1048576K
}
Event: 589.633 GC heap after
{Heap after GC invocations=40 (full 6):
 garbage-first heap   total 102400K, used 47998K [0x00000000a2400000, 0x0000000100000000)
  region size 1024K, 5 young (5120K), 5 survivors (5120K)
 Metaspace       used 80984K, committed 81856K, reserved 1179648K
  class space    used 10398K, committed 10816K, reserved 1048576K
}
Event: 624.858 GC heap before
{Heap before GC invocations=41 (full 6):
 garbage-first heap   total 102400K, used 88958K [0x00000000a2400000, 0x0000000100000000)
  region size 1024K, 45 young (46080K), 5 survivors (5120K)
 Metaspace       used 81461K, committed 82432K, reserved 1179648K
  class space    used 10419K, committed 10880K, reserved 1048576K
}
Event: 624.907 GC heap after
{Heap after GC invocations=42 (full 7):
 garbage-first heap   total 102400K, used 44340K [0x00000000a2400000, 0x0000000100000000)
  region size 1024K, 0 young (0K), 0 survivors (0K)
 Metaspace       used 81458K, committed 82432K, reserved 1179648K
  class space    used 10418K, committed 10880K, reserved 1048576K
}
Event: 625.239 GC heap before
{Heap before GC invocations=42 (full 7):
 garbage-first heap   total 102400K, used 88372K [0x00000000a2400000, 0x0000000100000000)
  region size 1024K, 44 young (45056K), 0 survivors (0K)
 Metaspace       used 81518K, committed 82496K, reserved 1179648K
  class space    used 10422K, committed 10880K, reserved 1048576K
}
Event: 625.242 GC heap after
{Heap after GC invocations=43 (full 7):
 garbage-first heap   total 102400K, used 48233K [0x00000000a2400000, 0x0000000100000000)
  region size 1024K, 4 young (4096K), 4 survivors (4096K)
 Metaspace       used 81518K, committed 82496K, reserved 1179648K
  class space    used 10422K, committed 10880K, reserved 1048576K
}
Event: 719.639 GC heap before
{Heap before GC invocations=44 (full 7):
 garbage-first heap   total 102400K, used 90217K [0x00000000a2400000, 0x0000000100000000)
  region size 1024K, 45 young (46080K), 4 survivors (4096K)
 Metaspace       used 81996K, committed 82944K, reserved 1179648K
  class space    used 10439K, committed 10880K, reserved 1048576K
}
Event: 719.646 GC heap after
{Heap after GC invocations=45 (full 7):
 garbage-first heap   total 102400K, used 51193K [0x00000000a2400000, 0x0000000100000000)
  region size 1024K, 4 young (4096K), 4 survivors (4096K)
 Metaspace       used 81996K, committed 82944K, reserved 1179648K
  class space    used 10439K, committed 10880K, reserved 1048576K
}
Event: 861.730 GC heap before
{Heap before GC invocations=45 (full 7):
 garbage-first heap   total 102400K, used 58361K [0x00000000a2400000, 0x0000000100000000)
  region size 1024K, 12 young (12288K), 4 survivors (4096K)
 Metaspace       used 82057K, committed 83008K, reserved 1179648K
  class space    used 10440K, committed 10880K, reserved 1048576K
}
Event: 863.053 GC heap after
{Heap after GC invocations=46 (full 8):
 garbage-first heap   total 102400K, used 44550K [0x00000000a2400000, 0x0000000100000000)
  region size 1024K, 0 young (0K), 0 survivors (0K)
 Metaspace       used 82054K, committed 83008K, reserved 1179648K
  class space    used 10439K, committed 10880K, reserved 1048576K
}
Event: 864.450 GC heap before
{Heap before GC invocations=46 (full 8):
 garbage-first heap   total 102400K, used 87558K [0x00000000a2400000, 0x0000000100000000)
  region size 1024K, 43 young (44032K), 0 survivors (0K)
 Metaspace       used 82138K, committed 83072K, reserved 1179648K
  class space    used 10444K, committed 10880K, reserved 1048576K
}
Event: 864.461 GC heap after
{Heap after GC invocations=47 (full 8):
 garbage-first heap   total 102400K, used 48561K [0x00000000a2400000, 0x0000000100000000)
  region size 1024K, 4 young (4096K), 4 survivors (4096K)
 Metaspace       used 82138K, committed 83072K, reserved 1179648K
  class space    used 10444K, committed 10880K, reserved 1048576K
}
Event: 924.423 GC heap before
{Heap before GC invocations=48 (full 8):
 garbage-first heap   total 102400K, used 87473K [0x00000000a2400000, 0x0000000100000000)
  region size 1024K, 43 young (44032K), 4 survivors (4096K)
 Metaspace       used 82610K, committed 83584K, reserved 1179648K
  class space    used 10462K, committed 10944K, reserved 1048576K
}
Event: 924.643 GC heap after
{Heap after GC invocations=49 (full 9):
 garbage-first heap   total 102400K, used 44021K [0x00000000a2400000, 0x0000000100000000)
  region size 1024K, 0 young (0K), 0 survivors (0K)
 Metaspace       used 82607K, committed 83584K, reserved 1179648K
  class space    used 10462K, committed 10944K, reserved 1048576K
}
Event: 925.116 GC heap before
{Heap before GC invocations=49 (full 9):
 garbage-first heap   total 102400K, used 88053K [0x00000000a2400000, 0x0000000100000000)
  region size 1024K, 44 young (45056K), 0 survivors (0K)
 Metaspace       used 82660K, committed 83648K, reserved 1179648K
  class space    used 10466K, committed 10944K, reserved 1048576K
}
Event: 925.121 GC heap after
{Heap after GC invocations=50 (full 9):
 garbage-first heap   total 102400K, used 48117K [0x00000000a2400000, 0x0000000100000000)
  region size 1024K, 4 young (4096K), 4 survivors (4096K)
 Metaspace       used 82660K, committed 83648K, reserved 1179648K
  class space    used 10466K, committed 10944K, reserved 1048576K
}

